0 info it worked if it ends with ok
1 verbose cli [ '/Users/achumich/.nvm/versions/node/v6.4.0/bin/node',
1 verbose cli   '/Users/achumich/.nvm/versions/node/v6.4.0/bin/npm',
1 verbose cli   'start' ]
2 info using npm@3.10.3
3 info using node@v6.4.0
4 verbose run-script [ 'prestart', 'start', 'poststart' ]
5 info lifecycle pinball-wizard-server@1.0.0~prestart: pinball-wizard-server@1.0.0
6 silly lifecycle pinball-wizard-server@1.0.0~prestart: no script for prestart, continuing
7 info lifecycle pinball-wizard-server@1.0.0~start: pinball-wizard-server@1.0.0
8 verbose lifecycle pinball-wizard-server@1.0.0~start: unsafe-perm in lifecycle true
9 verbose lifecycle pinball-wizard-server@1.0.0~start: PATH: /Users/achumich/.nvm/versions/node/v6.4.0/lib/node_modules/npm/bin/node-gyp-bin:/Users/achumich/Documents/web_dev/elm/pinball-wizard/server/node_modules/.bin:/Users/achumich/.nvm/versions/node/v6.4.0/bin:/Users/achumich/.nvm/versions/node/v6.4.0/bin:/Users/achumich/.pyenv/shims:/Users/achumich/.rbenv/shims:/Users/achumich/.rbenv/shims:/Users/achumich/.npm-packages/bin:/Users/achumich/.rbenv/shims:/Library/Frameworks/Python.framework/Versions/3.4/bin:/usr/local/bin:/usr/bin:/bin:/usr/sbin:/sbin:/opt/X11/bin
10 verbose lifecycle pinball-wizard-server@1.0.0~start: CWD: /Users/achumich/Documents/web_dev/elm/pinball-wizard/server
11 silly lifecycle pinball-wizard-server@1.0.0~start: Args: [ '-c', 'tsc && node ./src/server.js' ]
12 silly lifecycle pinball-wizard-server@1.0.0~start: Returned: code: 1  signal: null
13 info lifecycle pinball-wizard-server@1.0.0~start: Failed to exec start script
14 verbose stack Error: pinball-wizard-server@1.0.0 start: `tsc && node ./src/server.js`
14 verbose stack Exit status 1
14 verbose stack     at EventEmitter.<anonymous> (/Users/achumich/.nvm/versions/node/v6.4.0/lib/node_modules/npm/lib/utils/lifecycle.js:242:16)
14 verbose stack     at emitTwo (events.js:106:13)
14 verbose stack     at EventEmitter.emit (events.js:191:7)
14 verbose stack     at ChildProcess.<anonymous> (/Users/achumich/.nvm/versions/node/v6.4.0/lib/node_modules/npm/lib/utils/spawn.js:40:14)
14 verbose stack     at emitTwo (events.js:106:13)
14 verbose stack     at ChildProcess.emit (events.js:191:7)
14 verbose stack     at maybeClose (internal/child_process.js:852:16)
14 verbose stack     at Process.ChildProcess._handle.onexit (internal/child_process.js:215:5)
15 verbose pkgid pinball-wizard-server@1.0.0
16 verbose cwd /Users/achumich/Documents/web_dev/elm/pinball-wizard/server
17 error Darwin 14.5.0
18 error argv "/Users/achumich/.nvm/versions/node/v6.4.0/bin/node" "/Users/achumich/.nvm/versions/node/v6.4.0/bin/npm" "start"
19 error node v6.4.0
20 error npm  v3.10.3
21 error code ELIFECYCLE
22 error pinball-wizard-server@1.0.0 start: `tsc && node ./src/server.js`
22 error Exit status 1
23 error Failed at the pinball-wizard-server@1.0.0 start script 'tsc && node ./src/server.js'.
23 error Make sure you have the latest version of node.js and npm installed.
23 error If you do, this is most likely a problem with the pinball-wizard-server package,
23 error not with npm itself.
23 error Tell the author that this fails on your system:
23 error     tsc && node ./src/server.js
23 error You can get information on how to open an issue for this project with:
23 error     npm bugs pinball-wizard-server
23 error Or if that isn't available, you can get their info via:
23 error     npm owner ls pinball-wizard-server
23 error There is likely additional logging output above.
24 verbose exit [ 1, true ]
